openCVsdk/build/outputs/logs/manifest-merger-debug-report.txt
-- Merging decision tree log ---
manifest
ADDED from src/main/AndroidManifest.xml:2:1-4:12
INJECTED from src/main/AndroidManifest.xml:2:1-4:12
INJECTED from src/main/AndroidManifest.xml:2:1-4:12
	package
		ADDED from src/main/AndroidManifest.xml:3:7-27
		INJECTED from src/main/AndroidManifest.xml
		INJECTED from src/main/AndroidManifest.xml
	xmlns:android
		ADDED from src/main/AndroidManifest.xml:2:11-69